{
  errors: {
    name: ValidatorError: Path `name` is required.
        at validate (D:\utkarsh projects\Learning Development (MERN stack)\Todo\node_modules\mongoose\lib\schematype.js:1349:13)
        at SchemaString.SchemaType.doValidate (D:\utkarsh projects\Learning Development (MERN stack)\Todo\node_modules\mongoose\lib\schematype.js:1333:7)
        at D:\utkarsh projects\Learning Development (MERN stack)\Todo\node_modules\mongoose\lib\model.js:4125:18
        at new Promise (<anonymous>)
        at Function.validate (D:\utkarsh projects\Learning Development (MERN stack)\Todo\node_modules\mongoose\lib\model.js:4096:10)
        at D:\utkarsh projects\Learning Development (MERN stack)\Todo\src\service\todo\todo.ts:6:16
        at Generator.next (<anonymous>)
        at D:\utkarsh projects\Learning Development (MERN stack)\Todo\src\service\todo\todo.ts:8:71
        at new Promise (<anonymous>)
        at __awaiter (D:\utkarsh projects\Learning Development (MERN stack)\Todo\src\service\todo\todo.ts:4:12) {
      properties: {
        validator: [Function (anonymous)],
        message: 'Path `name` is required.',
        type: 'required',
        path: 'name',
        value: undefined
      },
      kind: 'required',
      path: 'name',
      value: undefined,
      reason: undefined,
      [Symbol(mongoose:validatorError)]: true
    },
    start_day: ValidatorError: Path `start_day` is required.
        at validate (D:\utkarsh projects\Learning Development (MERN stack)\Todo\node_modules\mongoose\lib\schematype.js:1349:13)
        at SchemaString.SchemaType.doValidate (D:\utkarsh projects\Learning Development (MERN stack)\Todo\node_modules\mongoose\lib\schematype.js:1333:7)
        at D:\utkarsh projects\Learning Development (MERN stack)\Todo\node_modules\mongoose\lib\model.js:4125:18
        at new Promise (<anonymous>)
        at Function.validate (D:\utkarsh projects\Learning Development (MERN stack)\Todo\node_modules\mongoose\lib\model.js:4096:10)
        at D:\utkarsh projects\Learning Development (MERN stack)\Todo\src\service\todo\todo.ts:6:16
        at Generator.next (<anonymous>)
        at D:\utkarsh projects\Learning Development (MERN stack)\Todo\src\service\todo\todo.ts:8:71
        at new Promise (<anonymous>)
        at __awaiter (D:\utkarsh projects\Learning Development (MERN stack)\Todo\src\service\todo\todo.ts:4:12) {
      properties: {
        validator: [Function (anonymous)],
        message: 'Path `start_day` is required.',
        type: 'required',
        path: 'start_day',
        value: undefined
      },
      kind: 'required',
      path: 'start_day',
      value: undefined,
      reason: undefined,
      [Symbol(mongoose:validatorError)]: true
    },
    end_day: ValidatorError: Path `end_day` is required.
        at validate (D:\utkarsh projects\Learning Development (MERN stack)\Todo\node_modules\mongoose\lib\schematype.js:1349:13)
        at SchemaString.SchemaType.doValidate (D:\utkarsh projects\Learning Development (MERN stack)\Todo\node_modules\mongoose\lib\schematype.js:1333:7)
        at D:\utkarsh projects\Learning Development (MERN stack)\Todo\node_modules\mongoose\lib\model.js:4125:18
        at new Promise (<anonymous>)
        at Function.validate (D:\utkarsh projects\Learning Development (MERN stack)\Todo\node_modules\mongoose\lib\model.js:4096:10)
        at D:\utkarsh projects\Learning Development (MERN stack)\Todo\src\service\todo\todo.ts:6:16
        at Generator.next (<anonymous>)
        at D:\utkarsh projects\Learning Development (MERN stack)\Todo\src\service\todo\todo.ts:8:71
        at new Promise (<anonymous>)
        at __awaiter (D:\utkarsh projects\Learning Development (MERN stack)\Todo\src\service\todo\todo.ts:4:12) {
      properties: {
        validator: [Function (anonymous)],
        message: 'Path `end_day` is required.',
        type: 'required',
        path: 'end_day',
        value: undefined
      },
      kind: 'required',
      path: 'end_day',
      value: undefined,
      reason: undefined,
      [Symbol(mongoose:validatorError)]: true
    }
  },
  _message: 'Validation failed',
  level: 'error',
  timestamp: '2023-06-22T17:23:04.716Z'
}
{ level: 'error', timestamp: '2023-06-22T17:23:49.315Z' }
{
  errors: {
    start_day: ValidatorError: `tomorrow` is not a valid enum value for path `start_day`.
        at validate (D:\utkarsh projects\Learning Development (MERN stack)\Todo\node_modules\mongoose\lib\schematype.js:1349:13)
        at SchemaString.SchemaType.doValidate (D:\utkarsh projects\Learning Development (MERN stack)\Todo\node_modules\mongoose\lib\schematype.js:1333:7)
        at D:\utkarsh projects\Learning Development (MERN stack)\Todo\node_modules\mongoose\lib\document.js:2932:18
        at processTicksAndRejections (node:internal/process/task_queues:77:11) {
      properties: {
        validator: [Function (anonymous)],
        message: '`tomorrow` is not a valid enum value for path `start_day`.',
        type: 'enum',
        enumValues: [ 'Yesterday', 'Tomorrow', 'Today' ],
        path: 'start_day',
        value: 'tomorrow'
      },
      kind: 'enum',
      path: 'start_day',
      value: 'tomorrow',
      reason: undefined,
      [Symbol(mongoose:validatorError)]: true
    },
    end_day: ValidatorError: `today` is not a valid enum value for path `end_day`.
        at validate (D:\utkarsh projects\Learning Development (MERN stack)\Todo\node_modules\mongoose\lib\schematype.js:1349:13)
        at SchemaString.SchemaType.doValidate (D:\utkarsh projects\Learning Development (MERN stack)\Todo\node_modules\mongoose\lib\schematype.js:1333:7)
        at D:\utkarsh projects\Learning Development (MERN stack)\Todo\node_modules\mongoose\lib\document.js:2932:18
        at processTicksAndRejections (node:internal/process/task_queues:77:11) {
      properties: {
        validator: [Function (anonymous)],
        message: '`today` is not a valid enum value for path `end_day`.',
        type: 'enum',
        enumValues: [ 'Yesterday', 'Tomorrow', 'Today' ],
        path: 'end_day',
        value: 'today'
      },
      kind: 'enum',
      path: 'end_day',
      value: 'today',
      reason: undefined,
      [Symbol(mongoose:validatorError)]: true
    }
  },
  _message: 'todo validation failed',
  level: 'error',
  timestamp: '2023-06-22T17:27:10.351Z'
}
2023-06-24T14:38:19.355Z [error] Error connecting to database MongooseServerSelectionError: connect ECONNREFUSED ::1:27017
